<?xml version="1.0" encoding="UTF-8"?>
<testsuite xmlns:xsi="http://www.w3.org/2001/XMLSchema-instance" xsi:noNamespaceSchemaLocation="https://maven.apache.org/surefire/maven-surefire-plugin/xsd/surefire-test-report-3.0.xsd" version="3.0" name="cucumber.options.TestRunner" time="6.529" tests="2" errors="0" skipped="0" failures="0">
  <properties>
[...]
</properties>
  <testcase name="To verify Add Place API" classname="Verify Place API&apos;s" time="3.966">
    <system-out><![CDATA[
@PlaceAPI @AddPlace
Scenario Outline: To verify Add Place API                                                # src/test/java/features/PlaceAPI.feature:17
  Given Add Place Payload with "Backyard house" "German"  and "31, side layout, neww 09" # stepDefinitions.StepDefinitions.add_place_payload_with_and(java.lang.String,java.lang.String,java.lang.String)
Request method:	POST
Request URI:	https://rahulshettyacademy.com/maps/api/place/add/json?key=qaclick123
Proxy:			<none>
Request params:	<none>
Query params:	key=qaclick123
Form params:	<none>
Path params:	<none>
Headers:		Accept=*/*
				Content-Type=application/json
Cookies:		<none>
Multiparts:		<none>
Body:
{
    "location": {
        "lat": -32.523494,
        "lng": 31.32532525
    },
    "accuracy": 51,
    "name": "Backyard house",
    "phone_number": "(+91) 215 893 3937",
    "address": "31, side layout, neww 09",
    "types": [
        "shoe park",
        "shop"
    ],
    "website": "http://google.com",
    "language": "German"
}
HTTP/1.1 200 OK
Date: Sun, 27 Oct 2024 13:47:02 GMT
Server: Apache/2.4.52 (Ubuntu)
Access-Control-Allow-Origin: *
Access-Control-Allow-Methods: POST
Access-Control-Max-Age: 3600
Access-Control-Allow-Headers: Content-Type, Access-Control-Allow-Headers, Authorization, X-Requested-With
Content-Length: 194
Keep-Alive: timeout=5, max=100
Connection: Keep-Alive
Content-Type: application/json;charset=UTF-8

{
    "status": "OK",
    "place_id": "10117a89949e97a04a3cb1fc0c2e676c",
    "scope": "APP",
    "reference": "7abca22c7a52e04ed3abe7c09ec578627abca22c7a52e04ed3abe7c09ec57862",
    "id": "7abca22c7a52e04ed3abe7c09ec57862"
}
  When user calls "AddPlaceRequest" with "POST" HTTP Request                             # stepDefinitions.StepDefinitions.user_calls_with_http_request(java.lang.String,java.lang.String)
  Then verify the status code is 200                                                     # stepDefinitions.StepDefinitions.verify_the_status_code_is(java.lang.Integer)
  And "status" is "OK"  in response body                                                 # stepDefinitions.StepDefinitions.is_in_response_body(java.lang.String,java.lang.String)
Request method:	GET
Request URI:	https://rahulshettyacademy.com/maps/api/place/get/json?key=qaclick123&place_id=10117a89949e97a04a3cb1fc0c2e676c
Proxy:			<none>
Request params:	<none>
Query params:	key=qaclick123
				place_id=10117a89949e97a04a3cb1fc0c2e676c
Form params:	<none>
Path params:	<none>
Headers:		Accept=*/*
				Content-Type=application/json
Cookies:		<none>
Multiparts:		<none>
Body:
{
    "location": {
        "lat": -32.523494,
        "lng": 31.32532525
    },
    "accuracy": 51,
    "name": "Backyard house",
    "phone_number": "(+91) 215 893 3937",
    "address": "31, side layout, neww 09",
    "types": [
        "shoe park",
        "shop"
    ],
    "website": "http://google.com",
    "language": "German"
}
HTTP/1.1 200 OK
Date: Sun, 27 Oct 2024 13:47:03 GMT
Server: Apache/2.4.52 (Ubuntu)
Access-Control-Allow-Origin: *
Access-Control-Allow-Methods: POST
Access-Control-Max-Age: 3600
Access-Control-Allow-Headers: Content-Type, Access-Control-Allow-Headers, Authorization, X-Requested-With
Content-Length: 254
Keep-Alive: timeout=5, max=100
Connection: Keep-Alive
Content-Type: application/json;charset=UTF-8

{
    "location": {
        "latitude": "-32.523494",
        "longitude": "31.32532525"
    },
    "accuracy": "51",
    "name": "Backyard house",
    "phone_number": "(+91) 215 893 3937",
    "address": "31, side layout, neww 09",
    "types": "shoe park,shop",
    "website": "http://google.com",
    "language": "German"
}
  When user calls "GetPlaceRequest" with "GET" HTTP Request                              # stepDefinitions.StepDefinitions.user_calls_with_http_request(java.lang.String,java.lang.String)
  Then verify place_Id created maps to "Backyard house" using getPlaceAPI                # stepDefinitions.StepDefinitions.verify_place_id_created_maps_to_using_get_place_api(java.lang.String)
]]></system-out>
  </testcase>
  <testcase name="To verify Delete Place API" classname="Verify Place API&apos;s" time="1.898">
    <system-out><![CDATA[
@PlaceAPI @DeletePlace
Scenario: To verify Delete Place API                            # src/test/java/features/PlaceAPI.feature:20
  Given Delete Place Payload                                    # stepDefinitions.StepDefinitions.delete_place_payload()
HTTP/1.1 200 OK
Date: Sun, 27 Oct 2024 13:47:05 GMT
Server: Apache/2.4.52 (Ubuntu)
Access-Control-Allow-Origin: *
Access-Control-Allow-Methods: POST
Access-Control-Max-Age: 3600
Access-Control-Allow-Headers: Content-Type, Access-Control-Allow-Headers, Authorization, X-Requested-With
Content-Length: 15
Keep-Alive: timeout=5, max=100
Connection: Keep-Alive
Content-Type: application/json;charset=UTF-8

{
    "status": "OK"
}
  When user calls "DeletePlaceRequest" with "POST" HTTP Request # stepDefinitions.StepDefinitions.user_calls_with_http_request(java.lang.String,java.lang.String)
  Then verify the status code is 200                            # stepDefinitions.StepDefinitions.verify_the_status_code_is(java.lang.Integer)
  And "status" is "OK"  in response body                        # stepDefinitions.StepDefinitions.is_in_response_body(java.lang.String,java.lang.String)
]]></system-out>
  </testcase>
</testsuite>